{
  "RSpec": {
    "coverage": {
      "/Users/steven/Desktop/costco-cake-app/spec/models/cake_design_spec.rb": [
        1,
        null,
        1,
        1,
        null
      ],
      "/Users/steven/Desktop/costco-cake-app/spec/rails_helper.rb": [
        1,
        1,
        1,
        null,
        1,
        1,
        1,
        null,
        1,
        1,
        null,
        1,
        null,
        1,
        null,
        1,
        null,
        null,
        1,
        1,
        1,
        1,
        null,
        null
      ],
      "/Users/steven/Desktop/costco-cake-app/config/environment.rb": [
        null,
        1,
        null,
        null,
        1
      ],
      "/Users/steven/Desktop/costco-cake-app/config/application.rb": [
        1,
        null,
        1,
        null,
        1,
        1,
        1,
        1,
        1,
        1,
        1,
        1,
        null,
        null,
        null,
        null,
        1,
        null,
        1,
        1,
        null,
        1,
        null,
        null,
        null,
        null,
        null,
        null,
        1,
        null,
        null
      ],
      "/Users/steven/Desktop/costco-cake-app/config/boot.rb": [
        1,
        null,
        1
      ],
      "/Users/steven/Desktop/costco-cake-app/config/environments/test.rb": [
        1,
        null,
        null,
        null,
        null,
        null,
        null,
        1,
        null,
        null,
        null,
        null,
        1,
        null,
        null,
        1,
        1,
        null,
        null,
        null,
        null,
        1,
        1,
        null,
        null,
        1,
        null,
        null,
        1,
        1,
        null,
        null,
        null,
        null,
        1,
        null,
        null,
        1,
        null,
        null,
        null,
        null
      ],
      "/Users/steven/Desktop/costco-cake-app/config/initializers/application_controller_renderer.rb": [
        null,
        null,
        null,
        null,
        null,
        null
      ],
      "/Users/steven/Desktop/costco-cake-app/config/initializers/assets.rb": [
        null,
        null,
        null,
        1,
        null,
        null,
        null,
        null,
        1,
        null,
        null,
        null,
        null,
        null
      ],
      "/Users/steven/Desktop/costco-cake-app/config/initializers/backtrace_silencers.rb": [
        null,
        null,
        null,
        null,
        null,
        null,
        null
      ],
      "/Users/steven/Desktop/costco-cake-app/config/initializers/cookies_serializer.rb": [
        null,
        null,
        null,
        null,
        1
      ],
      "/Users/steven/Desktop/costco-cake-app/config/initializers/devise.rb": [
        null,
        null,
        1,
        null,
        null,
        null,
        null,
        null,
        null,
        null,
        null,
        null,
        null,
        null,
        1,
        null,
        null,
        null,
        null,
        null,
        null,
        null,
        null,
        null,
        null,
        null,
        1,
        null,
        null,
        null,
        null,
        null,
        null,
        null,
        null,
        null,
        null,
        null,
        null,
        null,
        null,
        null,
        null,
        null,
        null,
        null,
        null,
        null,
        1,
        null,
        null,
        null,
        null,
        1,
        null,
        null,
        null,
        null,
        null,
        null,
        null,
        null,
        null,
        null,
        null,
        null,
        null,
        null,
        null,
        null,
        null,
        null,
        null,
        null,
        null,
        null,
        null,
        null,
        null,
        null,
        null,
        null,
        null,
        null,
        1,
        null,
        null,
        null,
        null,
        null,
        null,
        null,
        null,
        null,
        null,
        null,
        null,
        null,
        null,
        null,
        null,
        null,
        null,
        null,
        null,
        null,
        null,
        1,
        null,
        null,
        null,
        null,
        null,
        null,
        null,
        null,
        null,
        null,
        null,
        null,
        null,
        null,
        null,
        null,
        null,
        null,
        null,
        null,
        null,
        null,
        null,
        null,
        null,
        null,
        null,
        null,
        null,
        null,
        1,
        null,
        null,
        null,
        null,
        null,
        null,
        null,
        null,
        null,
        1,
        null,
        null,
        null,
        null,
        null,
        null,
        null,
        null,
        null,
        null,
        1,
        null,
        null,
        null,
        null,
        1,
        null,
        null,
        null,
        null,
        null,
        null,
        null,
        null,
        null,
        null,
        null,
        null,
        null,
        null,
        null,
        null,
        null,
        null,
        null,
        null,
        null,
        null,
        null,
        null,
        null,
        null,
        null,
        null,
        null,
        null,
        null,
        null,
        null,
        null,
        null,
        null,
        null,
        null,
        null,
        null,
        1,
        null,
        null,
        null,
        null,
        null,
        null,
        null,
        null,
        null,
        null,
        null,
        null,
        null,
        null,
        null,
        null,
        null,
        null,
        null,
        null,
        null,
        null,
        null,
        null,
        null,
        null,
        null,
        null,
        null,
        null,
        null,
        null,
        null,
        null,
        null,
        null,
        null,
        null,
        null,
        null,
        null,
        1,
        null,
        null,
        null,
        null,
        null,
        null,
        null,
        null,
        null,
        null,
        null,
        null,
        null,
        null,
        null,
        null,
        null,
        null,
        null,
        null,
        null,
        null,
        null,
        null,
        null,
        null,
        null,
        null,
        null
      ],
      "/Users/steven/Desktop/costco-cake-app/config/initializers/filter_parameter_logging.rb": [
        null,
        null,
        null,
        1
      ],
      "/Users/steven/Desktop/costco-cake-app/config/initializers/inflections.rb": [
        null,
        null,
        null,
        null,
        null,
        null,
        null,
        null,
        null,
        null,
        null,
        null,
        null,
        null,
        null,
        null
      ],
      "/Users/steven/Desktop/costco-cake-app/config/initializers/mime_types.rb": [
        null,
        null,
        null,
        null
      ],
      "/Users/steven/Desktop/costco-cake-app/config/initializers/wrap_parameters.rb": [
        null,
        null,
        null,
        null,
        null,
        null,
        1,
        2,
        null,
        null,
        null,
        null,
        null,
        null
      ],
      "/Users/steven/Desktop/costco-cake-app/config/routes.rb": [
        1,
        1,
        null,
        null
      ],
      "/Users/steven/Desktop/costco-cake-app/app/models/user.rb": [
        1,
        null,
        null,
        1,
        null,
        null
      ],
      "/Users/steven/Desktop/costco-cake-app/app/models/application_record.rb": [
        1,
        1,
        null
      ],
      "/Users/steven/Desktop/costco-cake-app/app/controllers/application_controller.rb": [
        1,
        1,
        null
      ],
      "/Users/steven/Desktop/costco-cake-app/app/helpers/application_helper.rb": [
        1,
        null
      ],
      "/Users/steven/Desktop/costco-cake-app/app/channels/application_cable/channel.rb": [
        1,
        1,
        null,
        null
      ],
      "/Users/steven/Desktop/costco-cake-app/app/channels/application_cable/connection.rb": [
        1,
        1,
        null,
        null
      ],
      "/Users/steven/Desktop/costco-cake-app/app/jobs/application_job.rb": [
        1,
        null
      ],
      "/Users/steven/Desktop/costco-cake-app/app/mailers/application_mailer.rb": [
        1,
        1,
        1,
        null
      ],
      "/Users/steven/Desktop/costco-cake-app/app/models/cake_design.rb": [
        1,
        null
      ],
      "/Users/steven/Desktop/costco-cake-app/app/models/cake_order.rb": [
        1,
        null
      ],
      "/Users/steven/Desktop/costco-cake-app/spec/factories/cake_designs.rb": [
        1,
        1,
        null,
        null,
        null
      ],
      "/Users/steven/Desktop/costco-cake-app/spec/factories/cake_orders.rb": [
        1,
        1,
        null,
        null,
        null
      ],
      "/Users/steven/Desktop/costco-cake-app/spec/factories/users.rb": [
        1,
        1,
        null,
        null,
        null
      ],
      "/Users/steven/Desktop/costco-cake-app/spec/models/cake_order_spec.rb": [
        1,
        null,
        1,
        1,
        null
      ],
      "/Users/steven/Desktop/costco-cake-app/spec/models/user_spec.rb": [
        1,
        null,
        1,
        1,
        null
      ]
    },
    "timestamp": 1501005738
  }
}
